<?xml version="1.0" encoding="UTF-8"?>
<!-- Generated by org.testng.reporters.JUnitReportReporter -->
<testsuite hostname="DESKTOP-1ICBAAR" failures="0" tests="4" name="tests.RedirectionCheck" time="14.438" errors="0" timestamp="2024-12-04T11:54:28 IST" skipped="0">
  <testcase classname="tests.RedirectionCheck" name="clickCartTest" time="1.800"/>
  <system-out/>
  <testcase classname="tests.RedirectionCheck" name="downloadMeesho" time="0.908"/>
  <system-out/>
  <testcase classname="tests.RedirectionCheck" name="clickProfileTest" time="1.768"/>
  <system-out/>
  <testcase classname="tests.RedirectionCheck" name="signUpTest" time="9.962"/>
  <system-out/>
</testsuite> <!-- tests.RedirectionCheck -->
