<?xml version="1.0" encoding="UTF-8"?>
<!-- Generated by org.testng.reporters.JUnitReportReporter -->
<testsuite hostname="DESKTOP-1ICBAAR" failures="0" tests="2" name="tests.HomeTest" time="4.395" errors="0" timestamp="2024-12-04T11:54:28 IST" skipped="0">
  <testcase classname="tests.HomeTest" name="verifyHomePage" time="2.309"/>
  <system-out/>
  <testcase classname="tests.HomeTest" name="verifyNavigationToBags" time="2.086"/>
  <system-out/>
</testsuite> <!-- tests.HomeTest -->
